Heap:
 garbage-first heap   total 102400K, used 43777K [0x0000000081c00000, 0x0000000100000000)
  region size 1024K, 1 young (1024K), 1 survivors (1024K)
 Metaspace       used 59895K, capacity 61671K, committed 61696K, reserved 1110016K
  class space    used 8293K, capacity 8937K, committed 8960K, reserved 1048576K
GC Heap History (10 events):
Event: 27568.984 GC heap before
{Heap before GC invocations=52 (full 0):
 garbage-first heap   total 102400K, used 86955K [0x0000000081c00000, 0x0000000100000000)
  region size 1024K, 43 young (44032K), 1 survivors (1024K)
 Metaspace       used 59894K, capacity 61669K, committed 61696K, reserved 1101824K
  class space    used 8292K, capacity 8936K, committed 8960K, reserved 1048576K
}
Event: 27568.986 GC heap after
{Heap after GC invocations=53 (full 0):
 garbage-first heap   total 102400K, used 43776K [0x0000000081c00000, 0x0000000100000000)
  region size 1024K, 1 young (1024K), 1 survivors (1024K)
 Metaspace       used 59894K, capacity 61669K, committed 61696K, reserved 1101824K
  class space    used 8292K, capacity 8936K, committed 8960K, reserved 1048576K
}
Event: 28505.291 GC heap before
{Heap before GC invocations=53 (full 0):
 garbage-first heap   total 102400K, used 86784K [0x0000000081c00000, 0x0000000100000000)
  region size 1024K, 43 young (44032K), 1 survivors (1024K)
 Metaspace       used 59894K, capacity 61669K, committed 61696K, reserved 1101824K
  class space    used 8292K, capacity 8936K, committed 8960K, reserved 1048576K
}
Event: 28505.292 GC heap after
{Heap after GC invocations=54 (full 0):
 garbage-first heap   total 102400K, used 43931K [0x0000000081c00000, 0x0000000100000000)
  region size 1024K, 1 young (1024K), 1 survivors (1024K)
 Metaspace       used 59894K, capacity 61669K, committed 61696K, reserved 1101824K
  class space    used 8292K, capacity 8936K, committed 8960K, reserved 1048576K
}
Event: 29475.631 GC heap before
{Heap before GC invocations=54 (full 0):
 garbage-first heap   total 102400K, used 86939K [0x0000000081c00000, 0x0000000100000000)
  region size 1024K, 43 young (44032K), 1 survivors (1024K)
 Metaspace       used 59894K, capacity 61669K, committed 61696K, reserved 1101824K
  class space    used 8292K, capacity 8936K, committed 8960K, reserved 1048576K
}
Event: 29475.669 GC heap after
{Heap after GC invocations=55 (full 0):
 garbage-first heap   total 102400K, used 43760K [0x0000000081c00000, 0x0000000100000000)
  region size 1024K, 1 young (1024K), 1 survivors (1024K)
 Metaspace       used 59894K, capacity 61669K, committed 61696K, reserved 1101824K
  class space    used 8292K, capacity 8936K, committed 8960K, reserved 1048576K
}
Event: 30427.992 GC heap before
{Heap before GC invocations=55 (full 0):
 garbage-first heap   total 102400K, used 86768K [0x0000000081c00000, 0x0000000100000000)
  region size 1024K, 43 young (44032K), 1 survivors (1024K)
 Metaspace       used 59894K, capacity 61669K, committed 61696K, reserved 1101824K
  class space    used 8292K, capacity 8936K, committed 8960K, reserved 1048576K
}
Event: 30428.037 GC heap after
{Heap after GC invocations=56 (full 0):
 garbage-first heap   total 102400K, used 43910K [0x0000000081c00000, 0x0000000100000000)
  region size 1024K, 1 young (1024K), 1 survivors (1024K)
 Metaspace       used 59894K, capacity 61669K, committed 61696K, reserved 1101824K
  class space    used 8292K, capacity 8936K, committed 8960K, reserved 1048576K
}
Event: 31060.959 GC heap before
{Heap before GC invocations=56 (full 0):
 garbage-first heap   total 102400K, used 71558K [0x0000000081c00000, 0x0000000100000000)
  region size 1024K, 29 young (29696K), 1 survivors (1024K)
 Metaspace       used 59895K, capacity 61671K, committed 61696K, reserved 1107968K
  class space    used 8293K, capacity 8937K, committed 8960K, reserved 1048576K
}
Event: 31061.089 GC heap after
{Heap after GC invocations=57 (full 0):
 garbage-first heap   total 102400K, used 43777K [0x0000000081c00000, 0x0000000100000000)
  region size 1024K, 1 young (1024K), 1 survivors (1024K)
 Metaspace       used 59895K, capacity 61671K, committed 61696K, reserved 1107968K
  class space    used 8293K, capacity 8937K, committed 8960K, reserved 1048576K
}

